<?xml version="1.0" encoding="UTF-8"?>
<!-- Generated by org.testng.reporters.JUnitReportReporter -->
<testsuite hostname="Jezz" failures="0" tests="7" name="com.example.java.testcases.LoginTest" time="61.770" errors="0" timestamp="2025-08-24T13:02:48 WIB" skipped="0">
  <testcase classname="com.example.java.testcases.LoginTest" name="testInvalidPassword" time="10.823"/>
  <testcase classname="com.example.java.testcases.LoginTest" name="userLogout" time="12.633"/>
  <testcase classname="com.example.java.testcases.LoginTest" name="testEmptyFieldsPassword" time="8.020"/>
  <testcase classname="com.example.java.testcases.LoginTest" name="testInvalidUsername" time="9.543"/>
  <testcase classname="com.example.java.testcases.LoginTest" name="testEmptyFieldsUsername" time="6.535"/>
  <testcase classname="com.example.java.testcases.LoginTest" name="testEmptyFields" time="6.516"/>
  <testcase classname="com.example.java.testcases.LoginTest" name="testValidLogin" time="7.700"/>
</testsuite> <!-- com.example.java.testcases.LoginTest -->
