<?xml version="1.0" encoding="UTF-8"?>
<!-- Generated by org.testng.reporters.JUnitReportReporter -->
<testsuite hostname="Jezz" failures="0" tests="1" name="com.example.java.testcases.PIMTest" time="24.479" errors="0" timestamp="2025-08-16T23:36:45 WIB" skipped="0">
  <testcase classname="com.example.java.testcases.PIMTest" name="testAddNewEmployee" time="24.479"/>
</testsuite> <!-- com.example.java.testcases.PIMTest -->
