<?xml version="1.0" encoding="UTF-8"?>
<!-- Generated by org.testng.reporters.JUnitReportReporter -->
<testsuite hostname="Jezz" failures="0" tests="7" name="com.example.java.testcases.LoginTest" time="110.207" errors="0" timestamp="2025-08-10T16:49:40 WIB" skipped="0">
  <testcase classname="com.example.java.testcases.LoginTest" name="testInvalidUsername" time="26.480"/>
  <testcase classname="com.example.java.testcases.LoginTest" name="testEmptyFieldsPassword" time="11.614"/>
  <testcase classname="com.example.java.testcases.LoginTest" name="testEmptyFields" time="10.192"/>
  <testcase classname="com.example.java.testcases.LoginTest" name="testValidLogin" time="17.266"/>
  <testcase classname="com.example.java.testcases.LoginTest" name="testEmptyFieldsUsername" time="11.978"/>
  <testcase classname="com.example.java.testcases.LoginTest" name="testInvalidPassword" time="15.212"/>
  <testcase classname="com.example.java.testcases.LoginTest" name="userLogout" time="17.465"/>
</testsuite> <!-- com.example.java.testcases.LoginTest -->
