<?xml version="1.0" encoding="UTF-8"?>
<!-- Generated by org.testng.reporters.JUnitReportReporter -->
<testsuite hostname="Jezz" failures="0" tests="7" name="com.example.java.testcases.LoginTest" time="83.683" errors="0" timestamp="2025-08-17T18:09:56 WIB" skipped="0">
  <testcase classname="com.example.java.testcases.LoginTest" name="testEmptyFields" time="10.205"/>
  <testcase classname="com.example.java.testcases.LoginTest" name="testEmptyFieldsUsername" time="9.182"/>
  <testcase classname="com.example.java.testcases.LoginTest" name="testEmptyFieldsPassword" time="10.511"/>
  <testcase classname="com.example.java.testcases.LoginTest" name="testValidLogin" time="14.735"/>
  <testcase classname="com.example.java.testcases.LoginTest" name="testInvalidPassword" time="13.000"/>
  <testcase classname="com.example.java.testcases.LoginTest" name="testInvalidUsername" time="11.606"/>
  <testcase classname="com.example.java.testcases.LoginTest" name="userLogout" time="14.444"/>
</testsuite> <!-- com.example.java.testcases.LoginTest -->
