<?xml version="1.0" encoding="UTF-8"?>
<!-- Generated by org.testng.reporters.JUnitReportReporter -->
<testsuite hostname="Jezz" failures="0" tests="7" name="com.example.java.testcases.LoginTest" time="91.006" errors="0" timestamp="2025-08-23T21:20:41 WIB" skipped="0">
  <testcase classname="com.example.java.testcases.LoginTest" name="testInvalidUsername" time="16.089"/>
  <testcase classname="com.example.java.testcases.LoginTest" name="testInvalidPassword" time="13.808"/>
  <testcase classname="com.example.java.testcases.LoginTest" name="testEmptyFieldsUsername" time="8.425"/>
  <testcase classname="com.example.java.testcases.LoginTest" name="testEmptyFields" time="10.022"/>
  <testcase classname="com.example.java.testcases.LoginTest" name="testEmptyFieldsPassword" time="10.015"/>
  <testcase classname="com.example.java.testcases.LoginTest" name="testValidLogin" time="13.806"/>
  <testcase classname="com.example.java.testcases.LoginTest" name="userLogout" time="18.841"/>
</testsuite> <!-- com.example.java.testcases.LoginTest -->
